<?xml version="1.0" encoding="UTF-8"?>
<!-- Generated by org.testng.reporters.JUnitXMLReporter -->
<testsuite ignored="0" hostname="Chiku" failures="0" tests="6" name="Default test" time="0.043" errors="0" timestamp="2022-05-11T09:19:54 EDT">
  <testcase classname="com.testcases.StringOccuranceCountTestCases" name="tc01_ValidStringwithRepeatedwordsTest" time="0.006"/>
  <testcase classname="com.testcases.StringOccuranceCountTestCases" name="tc02_ValidStringbutNoRepeatedwordsTest" time="0.001"/>
  <testcase classname="com.testcases.StringOccuranceCountTestCases" name="tc03_EmptyStringTest" time="0.0"/>
  <testcase classname="com.testcases.StringOccuranceCountTestCases" name="tc04_StringWithSpacesTest" time="0.001"/>
  <testcase classname="com.testcases.StringOccuranceCountTestCases" name="tc05_StringWithnullTest" time="0.002"/>
  <testcase classname="com.testcases.StringOccuranceCountTestCases" name="tc06_ValidStringwithAllRepeatedwordsTest" time="0.001"/>
</testsuite> <!-- Default test -->
