<?xml version="1.0" encoding="UTF-8"?>
<testng-results ignored="0" total="1" passed="1" failed="0" skipped="0">
  <reporter-output>
  </reporter-output>
  <suite started-at="2021-09-26T22:47:35 EDT" name="Default suite" finished-at="2021-09-26T22:47:44 EDT" duration-ms="8814">
    <groups>
    </groups>
    <test started-at="2021-09-26T22:47:35 EDT" name="Default test" finished-at="2021-09-26T22:47:44 EDT" duration-ms="8814">
      <class name="com.tests.FB_registration_TC">
        <test-method is-config="true" signature="launchBrowser()[pri:0, instance:com.tests.FB_registration_TC@79ad8b2f]" started-at="2021-09-26T22:47:36 EDT" name="launchBrowser" finished-at="2021-09-26T22:47:42 EDT" duration-ms="6599" status="PASS">
          <reporter-output>
          </reporter-output>
        </test-method> <!-- launchBrowser -->
        <test-method signature="registration()[pri:0, instance:com.tests.FB_registration_TC@79ad8b2f]" started-at="2021-09-26T22:47:42 EDT" name="registration" finished-at="2021-09-26T22:47:44 EDT" duration-ms="1745" status="PASS">
          <reporter-output>
          </reporter-output>
        </test-method> <!-- registration -->
        <test-method is-config="true" signature="quitBrowser()[pri:0, instance:com.tests.FB_registration_TC@79ad8b2f]" started-at="2021-09-26T22:47:44 EDT" name="quitBrowser" finished-at="2021-09-26T22:47:44 EDT" duration-ms="395" status="PASS">
          <reporter-output>
          </reporter-output>
        </test-method> <!-- quitBrowser -->
      </class> <!-- com.tests.FB_registration_TC -->
    </test> <!-- Default test -->
  </suite> <!-- Default suite -->
</testng-results>
