<?xml version="1.0" encoding="UTF-8"?>
<testng-results ignored="0" total="6" passed="6" failed="0" skipped="0">
  <reporter-output>
  </reporter-output>
  <suite started-at="2022-05-11T09:19:54 EDT" name="Default suite" finished-at="2022-05-11T09:19:54 EDT" duration-ms="43">
    <groups>
    </groups>
    <test started-at="2022-05-11T09:19:54 EDT" name="Default test" finished-at="2022-05-11T09:19:54 EDT" duration-ms="43">
      <class name="com.testcases.StringOccuranceCountTestCases">
        <test-method signature="tc01_ValidStringwithRepeatedwordsTest()[pri:0, instance:com.testcases.StringOccuranceCountTestCases@3c9d0b9d]" started-at="2022-05-11T09:19:54 EDT" name="tc01_ValidStringwithRepeatedwordsTest" finished-at="2022-05-11T09:19:54 EDT" duration-ms="6" status="PASS">
          <reporter-output>
          </reporter-output>
        </test-method> <!-- tc01_ValidStringwithRepeatedwordsTest -->
        <test-method signature="tc02_ValidStringbutNoRepeatedwordsTest()[pri:0, instance:com.testcases.StringOccuranceCountTestCases@3c9d0b9d]" started-at="2022-05-11T09:19:54 EDT" name="tc02_ValidStringbutNoRepeatedwordsTest" finished-at="2022-05-11T09:19:54 EDT" duration-ms="1" status="PASS">
          <reporter-output>
          </reporter-output>
        </test-method> <!-- tc02_ValidStringbutNoRepeatedwordsTest -->
        <test-method signature="tc03_EmptyStringTest()[pri:0, instance:com.testcases.StringOccuranceCountTestCases@3c9d0b9d]" started-at="2022-05-11T09:19:54 EDT" name="tc03_EmptyStringTest" finished-at="2022-05-11T09:19:54 EDT" duration-ms="0" status="PASS">
          <reporter-output>
          </reporter-output>
        </test-method> <!-- tc03_EmptyStringTest -->
        <test-method signature="tc04_StringWithSpacesTest()[pri:0, instance:com.testcases.StringOccuranceCountTestCases@3c9d0b9d]" started-at="2022-05-11T09:19:54 EDT" name="tc04_StringWithSpacesTest" finished-at="2022-05-11T09:19:54 EDT" duration-ms="1" status="PASS">
          <reporter-output>
          </reporter-output>
        </test-method> <!-- tc04_StringWithSpacesTest -->
        <test-method signature="tc05_StringWithnullTest()[pri:0, instance:com.testcases.StringOccuranceCountTestCases@3c9d0b9d]" started-at="2022-05-11T09:19:54 EDT" name="tc05_StringWithnullTest" finished-at="2022-05-11T09:19:54 EDT" duration-ms="2" status="PASS">
          <reporter-output>
          </reporter-output>
        </test-method> <!-- tc05_StringWithnullTest -->
        <test-method signature="tc06_ValidStringwithAllRepeatedwordsTest()[pri:0, instance:com.testcases.StringOccuranceCountTestCases@3c9d0b9d]" started-at="2022-05-11T09:19:54 EDT" name="tc06_ValidStringwithAllRepeatedwordsTest" finished-at="2022-05-11T09:19:54 EDT" duration-ms="1" status="PASS">
          <reporter-output>
          </reporter-output>
        </test-method> <!-- tc06_ValidStringwithAllRepeatedwordsTest -->
      </class> <!-- com.testcases.StringOccuranceCountTestCases -->
    </test> <!-- Default test -->
  </suite> <!-- Default suite -->
</testng-results>
